<?xml version="1.0" encoding="UTF-8"?>
<!-- Generated by org.testng.reporters.JUnitReportReporter -->
<testsuite skipped="0" hostname="DEL01557" name="com.selenium.search.automation.TestSearch" tests="1" failures="0" timestamp="2020-03-07T19:54:45 MEZ" time="6.700" errors="0">
  <testcase name="verifySearch" time="6.700" classname="com.selenium.search.automation.TestSearch"/>
  <system-out/>
</testsuite> <!-- com.selenium.search.automation.TestSearch -->
